<?xml version="1.0" encoding="UTF-8"?>
<testsuite name="Tanks.keyPressTest" tests="6" skipped="0" failures="0" errors="0" timestamp="2024-05-15T07:45:00" hostname="Rubin" time="29.93">
  <properties/>
  <testcase name="keyPressDown()" classname="Tanks.keyPressTest" time="7.045"/>
  <testcase name="keyPressLeft()" classname="Tanks.keyPressTest" time="1.125"/>
  <testcase name="extentionTest()" classname="Tanks.keyPressTest" time="12.043"/>
  <testcase name="clashTest()" classname="Tanks.keyPressTest" time="3.307"/>
  <testcase name="keyPressRight()" classname="Tanks.keyPressTest" time="1.538"/>
  <testcase name="keyPressUp()" classname="Tanks.keyPressTest" time="4.866"/>
  <system-out><![CDATA[DOWN
DOWN
Space
INVALID TURRET POSITION
LEFT
LEFT
W
S
UP
DOWN
RIGHT
LEFT
W
S
RIGHT
RIGHT
UP
UP
]]></system-out>
  <system-err><![CDATA[]]></system-err>
</testsuite>
