<?xml version="1.0" encoding="UTF-8"?>
<testsuite name="Tanks.initializationTest" tests="5" skipped="0" failures="0" errors="0" timestamp="2024-05-15T07:44:50" hostname="Rubin" time="9.651">
  <properties/>
  <testcase name="noTree()" classname="Tanks.initializationTest" time="1.03"/>
  <testcase name="SetupTest()" classname="Tanks.initializationTest" time="1.015"/>
  <testcase name="randomColor()" classname="Tanks.initializationTest" time="4.014"/>
  <testcase name="MainTest()" classname="Tanks.initializationTest" time="0.58"/>
  <testcase name="levelSwitch()" classname="Tanks.initializationTest" time="3.009"/>
  <system-out><![CDATA[]]></system-out>
  <system-err><![CDATA[]]></system-err>
</testsuite>
