<?xml version="1.0" encoding="UTF-8"?>
<testsuite name="Tanks.comprehensiveTest" tests="1" skipped="0" failures="0" errors="0" timestamp="2024-05-15T07:43:59" hostname="Rubin" time="12.488">
  <properties/>
  <testcase name="generalTest()" classname="Tanks.comprehensiveTest" time="12.488"/>
  <system-out><![CDATA[DOWN
DOWN
Space
Space
UP
UP
W
S
W
Space
]]></system-out>
  <system-err><![CDATA[]]></system-err>
</testsuite>
