<?xml version="1.0" encoding="UTF-8"?>
<testsuite name="Tanks.endGmaeTest" tests="2" skipped="0" failures="0" errors="0" timestamp="2024-05-15T07:44:11" hostname="Rubin" time="16.875">
  <properties/>
  <testcase name="gameEndFunctionTest()" classname="Tanks.endGmaeTest" time="2.813"/>
  <testcase name="endingTest()" classname="Tanks.endGmaeTest" time="14.058"/>
  <system-out><![CDATA[LEFT
RIGHT
UP
DOWN
]]></system-out>
  <system-err><![CDATA[]]></system-err>
</testsuite>
