<?xml version="1.0" encoding="UTF-8"?>
<testsuite name="Tanks.extentionTest" tests="4" skipped="0" failures="0" errors="0" timestamp="2024-05-15T07:44:40" hostname="Rubin" time="10.466">
  <properties/>
  <testcase name="parachuteTest()" classname="Tanks.extentionTest" time="1.116"/>
  <testcase name="fuelTest()" classname="Tanks.extentionTest" time="1.118"/>
  <testcase name="largeProjectileTest()" classname="Tanks.extentionTest" time="7.122"/>
  <testcase name="repairTest()" classname="Tanks.extentionTest" time="1.109"/>
  <system-out><![CDATA[Space
]]></system-out>
  <system-err><![CDATA[]]></system-err>
</testsuite>
